<?xml version="1.0" encoding="UTF-8"?>
<!-- Generated by org.testng.reporters.JUnitReportReporter -->
<testsuite hostname="Narayani" name="myfirstIntegration.LoginTest" tests="1" failures="0" timestamp="10 Feb 2017 19:03:19 GMT" time="30.049" errors="0">
  <testcase name="AdminLogin" time="30.049" classname="myfirstIntegration.LoginTest"/>
</testsuite> <!-- myfirstIntegration.LoginTest -->
