<?xml version="1.0" encoding="UTF-8"?>
<!-- Generated by org.testng.reporters.JUnitReportReporter -->
<testsuite hostname="Narayani" name="myfirstIntegration.LoginTest" tests="1" failures="0" timestamp="10 Feb 2017 19:19:03 GMT" time="22.933" errors="0">
  <testcase name="AdminLogin" time="22.933" classname="myfirstIntegration.LoginTest"/>
</testsuite> <!-- myfirstIntegration.LoginTest -->
